C:\Users\i25690\MVC-WebApp\NepaliTreat\NepaliTreat\dist\out-tsc\ClientApp\app\app.component.js
C:\Users\i25690\MVC-WebApp\NepaliTreat\NepaliTreat\dist\out-tsc\ClientApp\app\app.component.js.map
C:\Users\i25690\MVC-WebApp\NepaliTreat\NepaliTreat\dist\out-tsc\ClientApp\app\shared\product.js
C:\Users\i25690\MVC-WebApp\NepaliTreat\NepaliTreat\dist\out-tsc\ClientApp\app\shared\product.js.map
C:\Users\i25690\MVC-WebApp\NepaliTreat\NepaliTreat\dist\out-tsc\ClientApp\app\shared\order.js
C:\Users\i25690\MVC-WebApp\NepaliTreat\NepaliTreat\dist\out-tsc\ClientApp\app\shared\order.js.map
C:\Users\i25690\MVC-WebApp\NepaliTreat\NepaliTreat\dist\out-tsc\ClientApp\app\shared\dataService.js
C:\Users\i25690\MVC-WebApp\NepaliTreat\NepaliTreat\dist\out-tsc\ClientApp\app\shared\dataService.js.map
C:\Users\i25690\MVC-WebApp\NepaliTreat\NepaliTreat\dist\out-tsc\ClientApp\app\shop\productList.component.js
C:\Users\i25690\MVC-WebApp\NepaliTreat\NepaliTreat\dist\out-tsc\ClientApp\app\shop\productList.component.js.map
C:\Users\i25690\MVC-WebApp\NepaliTreat\NepaliTreat\dist\out-tsc\ClientApp\app\shop\cart.component.js
C:\Users\i25690\MVC-WebApp\NepaliTreat\NepaliTreat\dist\out-tsc\ClientApp\app\shop\cart.component.js.map
C:\Users\i25690\MVC-WebApp\NepaliTreat\NepaliTreat\dist\out-tsc\ClientApp\app\shop\shop.component.js
C:\Users\i25690\MVC-WebApp\NepaliTreat\NepaliTreat\dist\out-tsc\ClientApp\app\shop\shop.component.js.map
C:\Users\i25690\MVC-WebApp\NepaliTreat\NepaliTreat\dist\out-tsc\ClientApp\app\checkout\checkout.component.js
C:\Users\i25690\MVC-WebApp\NepaliTreat\NepaliTreat\dist\out-tsc\ClientApp\app\checkout\checkout.component.js.map
C:\Users\i25690\MVC-WebApp\NepaliTreat\NepaliTreat\dist\out-tsc\ClientApp\app\login\login.component.js
C:\Users\i25690\MVC-WebApp\NepaliTreat\NepaliTreat\dist\out-tsc\ClientApp\app\login\login.component.js.map
C:\Users\i25690\MVC-WebApp\NepaliTreat\NepaliTreat\dist\out-tsc\ClientApp\app\app.module.js
C:\Users\i25690\MVC-WebApp\NepaliTreat\NepaliTreat\dist\out-tsc\ClientApp\app\app.module.js.map
C:\Users\i25690\MVC-WebApp\NepaliTreat\NepaliTreat\dist\out-tsc\ClientApp\environments\environment.js
C:\Users\i25690\MVC-WebApp\NepaliTreat\NepaliTreat\dist\out-tsc\ClientApp\environments\environment.js.map
C:\Users\i25690\MVC-WebApp\NepaliTreat\NepaliTreat\dist\out-tsc\ClientApp\main.js
C:\Users\i25690\MVC-WebApp\NepaliTreat\NepaliTreat\dist\out-tsc\ClientApp\main.js.map
C:\Users\i25690\MVC-WebApp\NepaliTreat\NepaliTreat\dist\out-tsc\ClientApp\polyfills.js
C:\Users\i25690\MVC-WebApp\NepaliTreat\NepaliTreat\dist\out-tsc\ClientApp\polyfills.js.map
C:\Users\i25690\MVC-WebApp\NepaliTreat\NepaliTreat\dist\out-tsc\ClientApp\test.js
C:\Users\i25690\MVC-WebApp\NepaliTreat\NepaliTreat\dist\out-tsc\ClientApp\test.js.map
C:\Users\i25690\MVC-WebApp\NepaliTreat\NepaliTreat\dist\out-tsc\ClientApp\environments\environment.prod.js
C:\Users\i25690\MVC-WebApp\NepaliTreat\NepaliTreat\dist\out-tsc\ClientApp\environments\environment.prod.js.map
C:\Users\i25690\MVC-WebApp\NepaliTreat\NepaliTreat\dist\out-tsc\nep-app\karma.conf.js
C:\Users\i25690\MVC-WebApp\NepaliTreat\NepaliTreat\dist\out-tsc\nep-app\karma.conf.js.map
C:\Users\i25690\MVC-WebApp\NepaliTreat\NepaliTreat\dist\out-tsc\nep-app\dist\out-tsc\e2e\src\app.po.js
C:\Users\i25690\MVC-WebApp\NepaliTreat\NepaliTreat\dist\out-tsc\nep-app\dist\out-tsc\e2e\src\app.po.js.map
C:\Users\i25690\MVC-WebApp\NepaliTreat\NepaliTreat\dist\out-tsc\nep-app\dist\out-tsc\e2e\src\app.e2e-spec.js
C:\Users\i25690\MVC-WebApp\NepaliTreat\NepaliTreat\dist\out-tsc\nep-app\dist\out-tsc\e2e\src\app.e2e-spec.js.map
C:\Users\i25690\MVC-WebApp\NepaliTreat\NepaliTreat\dist\out-tsc\nep-app\dist\out-tsc\src\app\app.component.js
C:\Users\i25690\MVC-WebApp\NepaliTreat\NepaliTreat\dist\out-tsc\nep-app\dist\out-tsc\src\app\app.component.js.map
C:\Users\i25690\MVC-WebApp\NepaliTreat\NepaliTreat\dist\out-tsc\nep-app\dist\out-tsc\src\app\app.module.js
C:\Users\i25690\MVC-WebApp\NepaliTreat\NepaliTreat\dist\out-tsc\nep-app\dist\out-tsc\src\app\app.module.js.map
C:\Users\i25690\MVC-WebApp\NepaliTreat\NepaliTreat\dist\out-tsc\nep-app\dist\out-tsc\src\environments\environment.js
C:\Users\i25690\MVC-WebApp\NepaliTreat\NepaliTreat\dist\out-tsc\nep-app\dist\out-tsc\src\environments\environment.js.map
C:\Users\i25690\MVC-WebApp\NepaliTreat\NepaliTreat\dist\out-tsc\nep-app\dist\out-tsc\src\main.js
C:\Users\i25690\MVC-WebApp\NepaliTreat\NepaliTreat\dist\out-tsc\nep-app\dist\out-tsc\src\main.js.map
C:\Users\i25690\MVC-WebApp\NepaliTreat\NepaliTreat\dist\out-tsc\nep-app\dist\out-tsc\src\polyfills.js
C:\Users\i25690\MVC-WebApp\NepaliTreat\NepaliTreat\dist\out-tsc\nep-app\dist\out-tsc\src\polyfills.js.map
C:\Users\i25690\MVC-WebApp\NepaliTreat\NepaliTreat\dist\out-tsc\nep-app\dist\out-tsc\src\test.js
C:\Users\i25690\MVC-WebApp\NepaliTreat\NepaliTreat\dist\out-tsc\nep-app\dist\out-tsc\src\test.js.map
C:\Users\i25690\MVC-WebApp\NepaliTreat\NepaliTreat\dist\out-tsc\nep-app\dist\out-tsc\src\environments\environment.prod.js
C:\Users\i25690\MVC-WebApp\NepaliTreat\NepaliTreat\dist\out-tsc\nep-app\dist\out-tsc\src\environments\environment.prod.js.map
C:\Users\i25690\MVC-WebApp\NepaliTreat\NepaliTreat\dist\out-tsc\nep-app\e2e\protractor.conf.js
C:\Users\i25690\MVC-WebApp\NepaliTreat\NepaliTreat\dist\out-tsc\nep-app\e2e\protractor.conf.js.map
C:\Users\i25690\MVC-WebApp\NepaliTreat\NepaliTreat\dist\out-tsc\nep-app\e2e\src\app.po.js
C:\Users\i25690\MVC-WebApp\NepaliTreat\NepaliTreat\dist\out-tsc\nep-app\e2e\src\app.po.js.map
C:\Users\i25690\MVC-WebApp\NepaliTreat\NepaliTreat\dist\out-tsc\nep-app\e2e\src\app.e2e-spec.js
C:\Users\i25690\MVC-WebApp\NepaliTreat\NepaliTreat\dist\out-tsc\nep-app\e2e\src\app.e2e-spec.js.map
C:\Users\i25690\MVC-WebApp\NepaliTreat\NepaliTreat\dist\out-tsc\nep-app\out-tsc\e2e\app.po.js
C:\Users\i25690\MVC-WebApp\NepaliTreat\NepaliTreat\dist\out-tsc\nep-app\out-tsc\e2e\app.po.js.map
C:\Users\i25690\MVC-WebApp\NepaliTreat\NepaliTreat\dist\out-tsc\nep-app\out-tsc\e2e\app.e2e-spec.js
C:\Users\i25690\MVC-WebApp\NepaliTreat\NepaliTreat\dist\out-tsc\nep-app\out-tsc\e2e\app.e2e-spec.js.map
C:\Users\i25690\MVC-WebApp\NepaliTreat\NepaliTreat\dist\out-tsc\nep-app\src\app\app.component.js
C:\Users\i25690\MVC-WebApp\NepaliTreat\NepaliTreat\dist\out-tsc\nep-app\src\app\app.component.js.map
C:\Users\i25690\MVC-WebApp\NepaliTreat\NepaliTreat\dist\out-tsc\nep-app\src\app\app.module.js
C:\Users\i25690\MVC-WebApp\NepaliTreat\NepaliTreat\dist\out-tsc\nep-app\src\app\app.module.js.map
C:\Users\i25690\MVC-WebApp\NepaliTreat\NepaliTreat\dist\out-tsc\nep-app\src\environments\environment.js
C:\Users\i25690\MVC-WebApp\NepaliTreat\NepaliTreat\dist\out-tsc\nep-app\src\environments\environment.js.map
C:\Users\i25690\MVC-WebApp\NepaliTreat\NepaliTreat\dist\out-tsc\nep-app\src\main.js
C:\Users\i25690\MVC-WebApp\NepaliTreat\NepaliTreat\dist\out-tsc\nep-app\src\main.js.map
C:\Users\i25690\MVC-WebApp\NepaliTreat\NepaliTreat\dist\out-tsc\nep-app\src\polyfills.js
C:\Users\i25690\MVC-WebApp\NepaliTreat\NepaliTreat\dist\out-tsc\nep-app\src\polyfills.js.map
C:\Users\i25690\MVC-WebApp\NepaliTreat\NepaliTreat\dist\out-tsc\nep-app\src\test.js
C:\Users\i25690\MVC-WebApp\NepaliTreat\NepaliTreat\dist\out-tsc\nep-app\src\test.js.map
C:\Users\i25690\MVC-WebApp\NepaliTreat\NepaliTreat\dist\out-tsc\nep-app\src\environments\environment.prod.js
C:\Users\i25690\MVC-WebApp\NepaliTreat\NepaliTreat\dist\out-tsc\nep-app\src\environments\environment.prod.js.map
C:\Users\i25690\MVC-WebApp\NepaliTreat\NepaliTreat\dist\out-tsc\wwwroot\clientapp\main-es2015.js
C:\Users\i25690\MVC-WebApp\NepaliTreat\NepaliTreat\dist\out-tsc\wwwroot\clientapp\main-es2015.js.map
C:\Users\i25690\MVC-WebApp\NepaliTreat\NepaliTreat\dist\out-tsc\wwwroot\clientapp\main-es5.js
C:\Users\i25690\MVC-WebApp\NepaliTreat\NepaliTreat\dist\out-tsc\wwwroot\clientapp\main-es5.js.map
C:\Users\i25690\MVC-WebApp\NepaliTreat\NepaliTreat\dist\out-tsc\wwwroot\clientapp\polyfills-es2015.js
C:\Users\i25690\MVC-WebApp\NepaliTreat\NepaliTreat\dist\out-tsc\wwwroot\clientapp\polyfills-es2015.js.map
C:\Users\i25690\MVC-WebApp\NepaliTreat\NepaliTreat\dist\out-tsc\wwwroot\clientapp\polyfills-es5.js
C:\Users\i25690\MVC-WebApp\NepaliTreat\NepaliTreat\dist\out-tsc\wwwroot\clientapp\polyfills-es5.js.map
C:\Users\i25690\MVC-WebApp\NepaliTreat\NepaliTreat\dist\out-tsc\wwwroot\clientapp\runtime-es2015.js
C:\Users\i25690\MVC-WebApp\NepaliTreat\NepaliTreat\dist\out-tsc\wwwroot\clientapp\runtime-es2015.js.map
C:\Users\i25690\MVC-WebApp\NepaliTreat\NepaliTreat\dist\out-tsc\wwwroot\clientapp\runtime-es5.js
C:\Users\i25690\MVC-WebApp\NepaliTreat\NepaliTreat\dist\out-tsc\wwwroot\clientapp\runtime-es5.js.map
C:\Users\i25690\MVC-WebApp\NepaliTreat\NepaliTreat\dist\out-tsc\wwwroot\clientapp\styles-es2015.js
C:\Users\i25690\MVC-WebApp\NepaliTreat\NepaliTreat\dist\out-tsc\wwwroot\clientapp\styles-es2015.js.map
C:\Users\i25690\MVC-WebApp\NepaliTreat\NepaliTreat\dist\out-tsc\wwwroot\clientapp\styles-es5.js
C:\Users\i25690\MVC-WebApp\NepaliTreat\NepaliTreat\dist\out-tsc\wwwroot\clientapp\styles-es5.js.map
C:\Users\i25690\MVC-WebApp\NepaliTreat\NepaliTreat\dist\out-tsc\wwwroot\clientapp\vendor-es2015.js
C:\Users\i25690\MVC-WebApp\NepaliTreat\NepaliTreat\dist\out-tsc\wwwroot\clientapp\vendor-es2015.js.map
C:\Users\i25690\MVC-WebApp\NepaliTreat\NepaliTreat\dist\out-tsc\wwwroot\clientapp\vendor-es5.js
C:\Users\i25690\MVC-WebApp\NepaliTreat\NepaliTreat\dist\out-tsc\wwwroot\clientapp\vendor-es5.js.map
C:\Users\i25690\MVC-WebApp\NepaliTreat\NepaliTreat\dist\out-tsc\wwwroot\js\index.js
C:\Users\i25690\MVC-WebApp\NepaliTreat\NepaliTreat\dist\out-tsc\wwwroot\js\index.js.map
C:\Users\i25690\MVC-WebApp\NepaliTreat\NepaliTreat\dist\out-tsc\wwwroot\lib\bootstrap\grunt\bs-glyphicons-data-generator.js
C:\Users\i25690\MVC-WebApp\NepaliTreat\NepaliTreat\dist\out-tsc\wwwroot\lib\bootstrap\grunt\bs-glyphicons-data-generator.js.map
C:\Users\i25690\MVC-WebApp\NepaliTreat\NepaliTreat\dist\out-tsc\wwwroot\lib\bootstrap\grunt\bs-lessdoc-parser.js
C:\Users\i25690\MVC-WebApp\NepaliTreat\NepaliTreat\dist\out-tsc\wwwroot\lib\bootstrap\grunt\bs-lessdoc-parser.js.map
C:\Users\i25690\MVC-WebApp\NepaliTreat\NepaliTreat\dist\out-tsc\wwwroot\lib\bootstrap\grunt\bs-raw-files-generator.js
C:\Users\i25690\MVC-WebApp\NepaliTreat\NepaliTreat\dist\out-tsc\wwwroot\lib\bootstrap\grunt\bs-raw-files-generator.js.map
C:\Users\i25690\MVC-WebApp\NepaliTreat\NepaliTreat\dist\out-tsc\wwwroot\lib\bootstrap\grunt\bs-commonjs-generator.js
C:\Users\i25690\MVC-WebApp\NepaliTreat\NepaliTreat\dist\out-tsc\wwwroot\lib\bootstrap\grunt\bs-commonjs-generator.js.map
C:\Users\i25690\MVC-WebApp\NepaliTreat\NepaliTreat\dist\out-tsc\wwwroot\lib\bootstrap\Gruntfile.js
C:\Users\i25690\MVC-WebApp\NepaliTreat\NepaliTreat\dist\out-tsc\wwwroot\lib\bootstrap\Gruntfile.js.map
C:\Users\i25690\MVC-WebApp\NepaliTreat\NepaliTreat\dist\out-tsc\wwwroot\lib\bootstrap\package.js
C:\Users\i25690\MVC-WebApp\NepaliTreat\NepaliTreat\dist\out-tsc\wwwroot\lib\bootstrap\package.js.map
C:\Users\i25690\MVC-WebApp\NepaliTreat\NepaliTreat\dist\out-tsc\wwwroot\lib\bootstrap\dist\js\bootstrap.js
C:\Users\i25690\MVC-WebApp\NepaliTreat\NepaliTreat\dist\out-tsc\wwwroot\lib\bootstrap\dist\js\bootstrap.js.map
C:\Users\i25690\MVC-WebApp\NepaliTreat\NepaliTreat\dist\out-tsc\wwwroot\lib\bootstrap\js\transition.js
C:\Users\i25690\MVC-WebApp\NepaliTreat\NepaliTreat\dist\out-tsc\wwwroot\lib\bootstrap\js\transition.js.map
C:\Users\i25690\MVC-WebApp\NepaliTreat\NepaliTreat\dist\out-tsc\wwwroot\lib\bootstrap\js\alert.js
C:\Users\i25690\MVC-WebApp\NepaliTreat\NepaliTreat\dist\out-tsc\wwwroot\lib\bootstrap\js\alert.js.map
C:\Users\i25690\MVC-WebApp\NepaliTreat\NepaliTreat\dist\out-tsc\wwwroot\lib\bootstrap\js\button.js
C:\Users\i25690\MVC-WebApp\NepaliTreat\NepaliTreat\dist\out-tsc\wwwroot\lib\bootstrap\js\button.js.map
C:\Users\i25690\MVC-WebApp\NepaliTreat\NepaliTreat\dist\out-tsc\wwwroot\lib\bootstrap\js\carousel.js
C:\Users\i25690\MVC-WebApp\NepaliTreat\NepaliTreat\dist\out-tsc\wwwroot\lib\bootstrap\js\carousel.js.map
C:\Users\i25690\MVC-WebApp\NepaliTreat\NepaliTreat\dist\out-tsc\wwwroot\lib\bootstrap\js\collapse.js
C:\Users\i25690\MVC-WebApp\NepaliTreat\NepaliTreat\dist\out-tsc\wwwroot\lib\bootstrap\js\collapse.js.map
C:\Users\i25690\MVC-WebApp\NepaliTreat\NepaliTreat\dist\out-tsc\wwwroot\lib\bootstrap\js\dropdown.js
C:\Users\i25690\MVC-WebApp\NepaliTreat\NepaliTreat\dist\out-tsc\wwwroot\lib\bootstrap\js\dropdown.js.map
C:\Users\i25690\MVC-WebApp\NepaliTreat\NepaliTreat\dist\out-tsc\wwwroot\lib\bootstrap\js\modal.js
C:\Users\i25690\MVC-WebApp\NepaliTreat\NepaliTreat\dist\out-tsc\wwwroot\lib\bootstrap\js\modal.js.map
C:\Users\i25690\MVC-WebApp\NepaliTreat\NepaliTreat\dist\out-tsc\wwwroot\lib\bootstrap\js\tooltip.js
C:\Users\i25690\MVC-WebApp\NepaliTreat\NepaliTreat\dist\out-tsc\wwwroot\lib\bootstrap\js\tooltip.js.map
C:\Users\i25690\MVC-WebApp\NepaliTreat\NepaliTreat\dist\out-tsc\wwwroot\lib\bootstrap\js\popover.js
C:\Users\i25690\MVC-WebApp\NepaliTreat\NepaliTreat\dist\out-tsc\wwwroot\lib\bootstrap\js\popover.js.map
C:\Users\i25690\MVC-WebApp\NepaliTreat\NepaliTreat\dist\out-tsc\wwwroot\lib\bootstrap\js\scrollspy.js
C:\Users\i25690\MVC-WebApp\NepaliTreat\NepaliTreat\dist\out-tsc\wwwroot\lib\bootstrap\js\scrollspy.js.map
C:\Users\i25690\MVC-WebApp\NepaliTreat\NepaliTreat\dist\out-tsc\wwwroot\lib\bootstrap\js\tab.js
C:\Users\i25690\MVC-WebApp\NepaliTreat\NepaliTreat\dist\out-tsc\wwwroot\lib\bootstrap\js\tab.js.map
C:\Users\i25690\MVC-WebApp\NepaliTreat\NepaliTreat\dist\out-tsc\wwwroot\lib\bootstrap\js\affix.js
C:\Users\i25690\MVC-WebApp\NepaliTreat\NepaliTreat\dist\out-tsc\wwwroot\lib\bootstrap\js\affix.js.map
C:\Users\i25690\MVC-WebApp\NepaliTreat\NepaliTreat\dist\out-tsc\wwwroot\lib\bootstrap\dist\js\npm.js
C:\Users\i25690\MVC-WebApp\NepaliTreat\NepaliTreat\dist\out-tsc\wwwroot\lib\bootstrap\dist\js\npm.js.map
C:\Users\i25690\MVC-WebApp\NepaliTreat\NepaliTreat\dist\out-tsc\wwwroot\lib\bootstrap\grunt\change-version.js
C:\Users\i25690\MVC-WebApp\NepaliTreat\NepaliTreat\dist\out-tsc\wwwroot\lib\bootstrap\grunt\change-version.js.map
C:\Users\i25690\MVC-WebApp\NepaliTreat\NepaliTreat\dist\out-tsc\wwwroot\lib\jquery\dist\core.js
C:\Users\i25690\MVC-WebApp\NepaliTreat\NepaliTreat\dist\out-tsc\wwwroot\lib\jquery\dist\core.js.map
C:\Users\i25690\MVC-WebApp\NepaliTreat\NepaliTreat\dist\out-tsc\wwwroot\lib\jquery\dist\jquery.js
C:\Users\i25690\MVC-WebApp\NepaliTreat\NepaliTreat\dist\out-tsc\wwwroot\lib\jquery\dist\jquery.js.map
C:\Users\i25690\MVC-WebApp\NepaliTreat\NepaliTreat\dist\out-tsc\wwwroot\lib\jquery\dist\jquery.slim.js
C:\Users\i25690\MVC-WebApp\NepaliTreat\NepaliTreat\dist\out-tsc\wwwroot\lib\jquery\dist\jquery.slim.js.map
C:\Users\i25690\MVC-WebApp\NepaliTreat\NepaliTreat\dist\out-tsc\wwwroot\lib\jquery\external\sizzle\dist\sizzle.js
C:\Users\i25690\MVC-WebApp\NepaliTreat\NepaliTreat\dist\out-tsc\wwwroot\lib\jquery\external\sizzle\dist\sizzle.js.map
C:\Users\i25690\MVC-WebApp\NepaliTreat\NepaliTreat\dist\out-tsc\wwwroot\lib\jquery\src\ajax.js
C:\Users\i25690\MVC-WebApp\NepaliTreat\NepaliTreat\dist\out-tsc\wwwroot\lib\jquery\src\ajax.js.map
C:\Users\i25690\MVC-WebApp\NepaliTreat\NepaliTreat\dist\out-tsc\wwwroot\lib\jquery\src\attributes.js
C:\Users\i25690\MVC-WebApp\NepaliTreat\NepaliTreat\dist\out-tsc\wwwroot\lib\jquery\src\attributes.js.map
C:\Users\i25690\MVC-WebApp\NepaliTreat\NepaliTreat\dist\out-tsc\wwwroot\lib\jquery\src\callbacks.js
C:\Users\i25690\MVC-WebApp\NepaliTreat\NepaliTreat\dist\out-tsc\wwwroot\lib\jquery\src\callbacks.js.map
C:\Users\i25690\MVC-WebApp\NepaliTreat\NepaliTreat\dist\out-tsc\wwwroot\lib\jquery\src\core.js
C:\Users\i25690\MVC-WebApp\NepaliTreat\NepaliTreat\dist\out-tsc\wwwroot\lib\jquery\src\core.js.map
C:\Users\i25690\MVC-WebApp\NepaliTreat\NepaliTreat\dist\out-tsc\wwwroot\lib\jquery\src\css.js
C:\Users\i25690\MVC-WebApp\NepaliTreat\NepaliTreat\dist\out-tsc\wwwroot\lib\jquery\src\css.js.map
C:\Users\i25690\MVC-WebApp\NepaliTreat\NepaliTreat\dist\out-tsc\wwwroot\lib\jquery\src\data.js
C:\Users\i25690\MVC-WebApp\NepaliTreat\NepaliTreat\dist\out-tsc\wwwroot\lib\jquery\src\data.js.map
C:\Users\i25690\MVC-WebApp\NepaliTreat\NepaliTreat\dist\out-tsc\wwwroot\lib\jquery\src\deferred.js
C:\Users\i25690\MVC-WebApp\NepaliTreat\NepaliTreat\dist\out-tsc\wwwroot\lib\jquery\src\deferred.js.map
C:\Users\i25690\MVC-WebApp\NepaliTreat\NepaliTreat\dist\out-tsc\wwwroot\lib\jquery\src\deprecated.js
C:\Users\i25690\MVC-WebApp\NepaliTreat\NepaliTreat\dist\out-tsc\wwwroot\lib\jquery\src\deprecated.js.map
C:\Users\i25690\MVC-WebApp\NepaliTreat\NepaliTreat\dist\out-tsc\wwwroot\lib\jquery\src\dimensions.js
C:\Users\i25690\MVC-WebApp\NepaliTreat\NepaliTreat\dist\out-tsc\wwwroot\lib\jquery\src\dimensions.js.map
C:\Users\i25690\MVC-WebApp\NepaliTreat\NepaliTreat\dist\out-tsc\wwwroot\lib\jquery\src\effects.js
C:\Users\i25690\MVC-WebApp\NepaliTreat\NepaliTreat\dist\out-tsc\wwwroot\lib\jquery\src\effects.js.map
C:\Users\i25690\MVC-WebApp\NepaliTreat\NepaliTreat\dist\out-tsc\wwwroot\lib\jquery\src\event.js
C:\Users\i25690\MVC-WebApp\NepaliTreat\NepaliTreat\dist\out-tsc\wwwroot\lib\jquery\src\event.js.map
C:\Users\i25690\MVC-WebApp\NepaliTreat\NepaliTreat\dist\out-tsc\wwwroot\lib\jquery\src\jquery.js
C:\Users\i25690\MVC-WebApp\NepaliTreat\NepaliTreat\dist\out-tsc\wwwroot\lib\jquery\src\jquery.js.map
C:\Users\i25690\MVC-WebApp\NepaliTreat\NepaliTreat\dist\out-tsc\wwwroot\lib\jquery\src\manipulation.js
C:\Users\i25690\MVC-WebApp\NepaliTreat\NepaliTreat\dist\out-tsc\wwwroot\lib\jquery\src\manipulation.js.map
C:\Users\i25690\MVC-WebApp\NepaliTreat\NepaliTreat\dist\out-tsc\wwwroot\lib\jquery\src\offset.js
C:\Users\i25690\MVC-WebApp\NepaliTreat\NepaliTreat\dist\out-tsc\wwwroot\lib\jquery\src\offset.js.map
C:\Users\i25690\MVC-WebApp\NepaliTreat\NepaliTreat\dist\out-tsc\wwwroot\lib\jquery\src\queue.js
C:\Users\i25690\MVC-WebApp\NepaliTreat\NepaliTreat\dist\out-tsc\wwwroot\lib\jquery\src\queue.js.map
C:\Users\i25690\MVC-WebApp\NepaliTreat\NepaliTreat\dist\out-tsc\wwwroot\lib\jquery\src\selector-native.js
C:\Users\i25690\MVC-WebApp\NepaliTreat\NepaliTreat\dist\out-tsc\wwwroot\lib\jquery\src\selector-native.js.map
C:\Users\i25690\MVC-WebApp\NepaliTreat\NepaliTreat\dist\out-tsc\wwwroot\lib\jquery\src\selector-sizzle.js
C:\Users\i25690\MVC-WebApp\NepaliTreat\NepaliTreat\dist\out-tsc\wwwroot\lib\jquery\src\selector-sizzle.js.map
C:\Users\i25690\MVC-WebApp\NepaliTreat\NepaliTreat\dist\out-tsc\wwwroot\lib\jquery\src\selector.js
C:\Users\i25690\MVC-WebApp\NepaliTreat\NepaliTreat\dist\out-tsc\wwwroot\lib\jquery\src\selector.js.map
C:\Users\i25690\MVC-WebApp\NepaliTreat\NepaliTreat\dist\out-tsc\wwwroot\lib\jquery\src\serialize.js
C:\Users\i25690\MVC-WebApp\NepaliTreat\NepaliTreat\dist\out-tsc\wwwroot\lib\jquery\src\serialize.js.map
C:\Users\i25690\MVC-WebApp\NepaliTreat\NepaliTreat\dist\out-tsc\wwwroot\lib\jquery\src\traversing.js
C:\Users\i25690\MVC-WebApp\NepaliTreat\NepaliTreat\dist\out-tsc\wwwroot\lib\jquery\src\traversing.js.map
C:\Users\i25690\MVC-WebApp\NepaliTreat\NepaliTreat\dist\out-tsc\wwwroot\lib\jquery\src\wrap.js
C:\Users\i25690\MVC-WebApp\NepaliTreat\NepaliTreat\dist\out-tsc\wwwroot\lib\jquery\src\wrap.js.map
C:\Users\i25690\MVC-WebApp\NepaliTreat\NepaliTreat\dist\out-tsc\wwwroot\lib\jquery\src\ajax\jsonp.js
C:\Users\i25690\MVC-WebApp\NepaliTreat\NepaliTreat\dist\out-tsc\wwwroot\lib\jquery\src\ajax\jsonp.js.map
C:\Users\i25690\MVC-WebApp\NepaliTreat\NepaliTreat\dist\out-tsc\wwwroot\lib\jquery\src\ajax\load.js
C:\Users\i25690\MVC-WebApp\NepaliTreat\NepaliTreat\dist\out-tsc\wwwroot\lib\jquery\src\ajax\load.js.map
C:\Users\i25690\MVC-WebApp\NepaliTreat\NepaliTreat\dist\out-tsc\wwwroot\lib\jquery\src\ajax\parseXML.js
C:\Users\i25690\MVC-WebApp\NepaliTreat\NepaliTreat\dist\out-tsc\wwwroot\lib\jquery\src\ajax\parseXML.js.map
C:\Users\i25690\MVC-WebApp\NepaliTreat\NepaliTreat\dist\out-tsc\wwwroot\lib\jquery\src\ajax\script.js
C:\Users\i25690\MVC-WebApp\NepaliTreat\NepaliTreat\dist\out-tsc\wwwroot\lib\jquery\src\ajax\script.js.map
C:\Users\i25690\MVC-WebApp\NepaliTreat\NepaliTreat\dist\out-tsc\wwwroot\lib\jquery\src\ajax\xhr.js
C:\Users\i25690\MVC-WebApp\NepaliTreat\NepaliTreat\dist\out-tsc\wwwroot\lib\jquery\src\ajax\xhr.js.map
C:\Users\i25690\MVC-WebApp\NepaliTreat\NepaliTreat\dist\out-tsc\wwwroot\lib\jquery\src\ajax\var\location.js
C:\Users\i25690\MVC-WebApp\NepaliTreat\NepaliTreat\dist\out-tsc\wwwroot\lib\jquery\src\ajax\var\location.js.map
C:\Users\i25690\MVC-WebApp\NepaliTreat\NepaliTreat\dist\out-tsc\wwwroot\lib\jquery\src\ajax\var\nonce.js
C:\Users\i25690\MVC-WebApp\NepaliTreat\NepaliTreat\dist\out-tsc\wwwroot\lib\jquery\src\ajax\var\nonce.js.map
C:\Users\i25690\MVC-WebApp\NepaliTreat\NepaliTreat\dist\out-tsc\wwwroot\lib\jquery\src\ajax\var\rquery.js
C:\Users\i25690\MVC-WebApp\NepaliTreat\NepaliTreat\dist\out-tsc\wwwroot\lib\jquery\src\ajax\var\rquery.js.map
C:\Users\i25690\MVC-WebApp\NepaliTreat\NepaliTreat\dist\out-tsc\wwwroot\lib\jquery\src\attributes\attr.js
C:\Users\i25690\MVC-WebApp\NepaliTreat\NepaliTreat\dist\out-tsc\wwwroot\lib\jquery\src\attributes\attr.js.map
C:\Users\i25690\MVC-WebApp\NepaliTreat\NepaliTreat\dist\out-tsc\wwwroot\lib\jquery\src\attributes\classes.js
C:\Users\i25690\MVC-WebApp\NepaliTreat\NepaliTreat\dist\out-tsc\wwwroot\lib\jquery\src\attributes\classes.js.map
C:\Users\i25690\MVC-WebApp\NepaliTreat\NepaliTreat\dist\out-tsc\wwwroot\lib\jquery\src\attributes\prop.js
C:\Users\i25690\MVC-WebApp\NepaliTreat\NepaliTreat\dist\out-tsc\wwwroot\lib\jquery\src\attributes\prop.js.map
C:\Users\i25690\MVC-WebApp\NepaliTreat\NepaliTreat\dist\out-tsc\wwwroot\lib\jquery\src\attributes\support.js
C:\Users\i25690\MVC-WebApp\NepaliTreat\NepaliTreat\dist\out-tsc\wwwroot\lib\jquery\src\attributes\support.js.map
C:\Users\i25690\MVC-WebApp\NepaliTreat\NepaliTreat\dist\out-tsc\wwwroot\lib\jquery\src\attributes\val.js
C:\Users\i25690\MVC-WebApp\NepaliTreat\NepaliTreat\dist\out-tsc\wwwroot\lib\jquery\src\attributes\val.js.map
C:\Users\i25690\MVC-WebApp\NepaliTreat\NepaliTreat\dist\out-tsc\wwwroot\lib\jquery\src\core\DOMEval.js
C:\Users\i25690\MVC-WebApp\NepaliTreat\NepaliTreat\dist\out-tsc\wwwroot\lib\jquery\src\core\DOMEval.js.map
C:\Users\i25690\MVC-WebApp\NepaliTreat\NepaliTreat\dist\out-tsc\wwwroot\lib\jquery\src\core\access.js
C:\Users\i25690\MVC-WebApp\NepaliTreat\NepaliTreat\dist\out-tsc\wwwroot\lib\jquery\src\core\access.js.map
C:\Users\i25690\MVC-WebApp\NepaliTreat\NepaliTreat\dist\out-tsc\wwwroot\lib\jquery\src\core\camelCase.js
C:\Users\i25690\MVC-WebApp\NepaliTreat\NepaliTreat\dist\out-tsc\wwwroot\lib\jquery\src\core\camelCase.js.map
C:\Users\i25690\MVC-WebApp\NepaliTreat\NepaliTreat\dist\out-tsc\wwwroot\lib\jquery\src\core\init.js
C:\Users\i25690\MVC-WebApp\NepaliTreat\NepaliTreat\dist\out-tsc\wwwroot\lib\jquery\src\core\init.js.map
C:\Users\i25690\MVC-WebApp\NepaliTreat\NepaliTreat\dist\out-tsc\wwwroot\lib\jquery\src\core\nodeName.js
C:\Users\i25690\MVC-WebApp\NepaliTreat\NepaliTreat\dist\out-tsc\wwwroot\lib\jquery\src\core\nodeName.js.map
C:\Users\i25690\MVC-WebApp\NepaliTreat\NepaliTreat\dist\out-tsc\wwwroot\lib\jquery\src\core\parseHTML.js
C:\Users\i25690\MVC-WebApp\NepaliTreat\NepaliTreat\dist\out-tsc\wwwroot\lib\jquery\src\core\parseHTML.js.map
C:\Users\i25690\MVC-WebApp\NepaliTreat\NepaliTreat\dist\out-tsc\wwwroot\lib\jquery\src\core\ready-no-deferred.js
C:\Users\i25690\MVC-WebApp\NepaliTreat\NepaliTreat\dist\out-tsc\wwwroot\lib\jquery\src\core\ready-no-deferred.js.map
C:\Users\i25690\MVC-WebApp\NepaliTreat\NepaliTreat\dist\out-tsc\wwwroot\lib\jquery\src\core\ready.js
C:\Users\i25690\MVC-WebApp\NepaliTreat\NepaliTreat\dist\out-tsc\wwwroot\lib\jquery\src\core\ready.js.map
C:\Users\i25690\MVC-WebApp\NepaliTreat\NepaliTreat\dist\out-tsc\wwwroot\lib\jquery\src\core\readyException.js
C:\Users\i25690\MVC-WebApp\NepaliTreat\NepaliTreat\dist\out-tsc\wwwroot\lib\jquery\src\core\readyException.js.map
C:\Users\i25690\MVC-WebApp\NepaliTreat\NepaliTreat\dist\out-tsc\wwwroot\lib\jquery\src\core\stripAndCollapse.js
C:\Users\i25690\MVC-WebApp\NepaliTreat\NepaliTreat\dist\out-tsc\wwwroot\lib\jquery\src\core\stripAndCollapse.js.map
C:\Users\i25690\MVC-WebApp\NepaliTreat\NepaliTreat\dist\out-tsc\wwwroot\lib\jquery\src\core\support.js
C:\Users\i25690\MVC-WebApp\NepaliTreat\NepaliTreat\dist\out-tsc\wwwroot\lib\jquery\src\core\support.js.map
C:\Users\i25690\MVC-WebApp\NepaliTreat\NepaliTreat\dist\out-tsc\wwwroot\lib\jquery\src\core\toType.js
C:\Users\i25690\MVC-WebApp\NepaliTreat\NepaliTreat\dist\out-tsc\wwwroot\lib\jquery\src\core\toType.js.map
C:\Users\i25690\MVC-WebApp\NepaliTreat\NepaliTreat\dist\out-tsc\wwwroot\lib\jquery\src\core\var\rsingleTag.js
C:\Users\i25690\MVC-WebApp\NepaliTreat\NepaliTreat\dist\out-tsc\wwwroot\lib\jquery\src\core\var\rsingleTag.js.map
C:\Users\i25690\MVC-WebApp\NepaliTreat\NepaliTreat\dist\out-tsc\wwwroot\lib\jquery\src\css\addGetHookIf.js
C:\Users\i25690\MVC-WebApp\NepaliTreat\NepaliTreat\dist\out-tsc\wwwroot\lib\jquery\src\css\addGetHookIf.js.map
C:\Users\i25690\MVC-WebApp\NepaliTreat\NepaliTreat\dist\out-tsc\wwwroot\lib\jquery\src\css\adjustCSS.js
C:\Users\i25690\MVC-WebApp\NepaliTreat\NepaliTreat\dist\out-tsc\wwwroot\lib\jquery\src\css\adjustCSS.js.map
C:\Users\i25690\MVC-WebApp\NepaliTreat\NepaliTreat\dist\out-tsc\wwwroot\lib\jquery\src\css\curCSS.js
C:\Users\i25690\MVC-WebApp\NepaliTreat\NepaliTreat\dist\out-tsc\wwwroot\lib\jquery\src\css\curCSS.js.map
C:\Users\i25690\MVC-WebApp\NepaliTreat\NepaliTreat\dist\out-tsc\wwwroot\lib\jquery\src\css\hiddenVisibleSelectors.js
C:\Users\i25690\MVC-WebApp\NepaliTreat\NepaliTreat\dist\out-tsc\wwwroot\lib\jquery\src\css\hiddenVisibleSelectors.js.map
C:\Users\i25690\MVC-WebApp\NepaliTreat\NepaliTreat\dist\out-tsc\wwwroot\lib\jquery\src\css\showHide.js
C:\Users\i25690\MVC-WebApp\NepaliTreat\NepaliTreat\dist\out-tsc\wwwroot\lib\jquery\src\css\showHide.js.map
C:\Users\i25690\MVC-WebApp\NepaliTreat\NepaliTreat\dist\out-tsc\wwwroot\lib\jquery\src\css\support.js
C:\Users\i25690\MVC-WebApp\NepaliTreat\NepaliTreat\dist\out-tsc\wwwroot\lib\jquery\src\css\support.js.map
C:\Users\i25690\MVC-WebApp\NepaliTreat\NepaliTreat\dist\out-tsc\wwwroot\lib\jquery\src\css\var\cssExpand.js
C:\Users\i25690\MVC-WebApp\NepaliTreat\NepaliTreat\dist\out-tsc\wwwroot\lib\jquery\src\css\var\cssExpand.js.map
C:\Users\i25690\MVC-WebApp\NepaliTreat\NepaliTreat\dist\out-tsc\wwwroot\lib\jquery\src\css\var\getStyles.js
C:\Users\i25690\MVC-WebApp\NepaliTreat\NepaliTreat\dist\out-tsc\wwwroot\lib\jquery\src\css\var\getStyles.js.map
C:\Users\i25690\MVC-WebApp\NepaliTreat\NepaliTreat\dist\out-tsc\wwwroot\lib\jquery\src\css\var\isHiddenWithinTree.js
C:\Users\i25690\MVC-WebApp\NepaliTreat\NepaliTreat\dist\out-tsc\wwwroot\lib\jquery\src\css\var\isHiddenWithinTree.js.map
C:\Users\i25690\MVC-WebApp\NepaliTreat\NepaliTreat\dist\out-tsc\wwwroot\lib\jquery\src\css\var\rboxStyle.js
C:\Users\i25690\MVC-WebApp\NepaliTreat\NepaliTreat\dist\out-tsc\wwwroot\lib\jquery\src\css\var\rboxStyle.js.map
C:\Users\i25690\MVC-WebApp\NepaliTreat\NepaliTreat\dist\out-tsc\wwwroot\lib\jquery\src\css\var\rnumnonpx.js
C:\Users\i25690\MVC-WebApp\NepaliTreat\NepaliTreat\dist\out-tsc\wwwroot\lib\jquery\src\css\var\rnumnonpx.js.map
C:\Users\i25690\MVC-WebApp\NepaliTreat\NepaliTreat\dist\out-tsc\wwwroot\lib\jquery\src\css\var\swap.js
C:\Users\i25690\MVC-WebApp\NepaliTreat\NepaliTreat\dist\out-tsc\wwwroot\lib\jquery\src\css\var\swap.js.map
C:\Users\i25690\MVC-WebApp\NepaliTreat\NepaliTreat\dist\out-tsc\wwwroot\lib\jquery\src\data\Data.js
C:\Users\i25690\MVC-WebApp\NepaliTreat\NepaliTreat\dist\out-tsc\wwwroot\lib\jquery\src\data\Data.js.map
C:\Users\i25690\MVC-WebApp\NepaliTreat\NepaliTreat\dist\out-tsc\wwwroot\lib\jquery\src\data\var\acceptData.js
C:\Users\i25690\MVC-WebApp\NepaliTreat\NepaliTreat\dist\out-tsc\wwwroot\lib\jquery\src\data\var\acceptData.js.map
C:\Users\i25690\MVC-WebApp\NepaliTreat\NepaliTreat\dist\out-tsc\wwwroot\lib\jquery\src\data\var\dataPriv.js
C:\Users\i25690\MVC-WebApp\NepaliTreat\NepaliTreat\dist\out-tsc\wwwroot\lib\jquery\src\data\var\dataPriv.js.map
C:\Users\i25690\MVC-WebApp\NepaliTreat\NepaliTreat\dist\out-tsc\wwwroot\lib\jquery\src\data\var\dataUser.js
C:\Users\i25690\MVC-WebApp\NepaliTreat\NepaliTreat\dist\out-tsc\wwwroot\lib\jquery\src\data\var\dataUser.js.map
C:\Users\i25690\MVC-WebApp\NepaliTreat\NepaliTreat\dist\out-tsc\wwwroot\lib\jquery\src\deferred\exceptionHook.js
C:\Users\i25690\MVC-WebApp\NepaliTreat\NepaliTreat\dist\out-tsc\wwwroot\lib\jquery\src\deferred\exceptionHook.js.map
C:\Users\i25690\MVC-WebApp\NepaliTreat\NepaliTreat\dist\out-tsc\wwwroot\lib\jquery\src\effects\Tween.js
C:\Users\i25690\MVC-WebApp\NepaliTreat\NepaliTreat\dist\out-tsc\wwwroot\lib\jquery\src\effects\Tween.js.map
C:\Users\i25690\MVC-WebApp\NepaliTreat\NepaliTreat\dist\out-tsc\wwwroot\lib\jquery\src\effects\animatedSelector.js
C:\Users\i25690\MVC-WebApp\NepaliTreat\NepaliTreat\dist\out-tsc\wwwroot\lib\jquery\src\effects\animatedSelector.js.map
C:\Users\i25690\MVC-WebApp\NepaliTreat\NepaliTreat\dist\out-tsc\wwwroot\lib\jquery\src\event\ajax.js
C:\Users\i25690\MVC-WebApp\NepaliTreat\NepaliTreat\dist\out-tsc\wwwroot\lib\jquery\src\event\ajax.js.map
C:\Users\i25690\MVC-WebApp\NepaliTreat\NepaliTreat\dist\out-tsc\wwwroot\lib\jquery\src\event\alias.js
C:\Users\i25690\MVC-WebApp\NepaliTreat\NepaliTreat\dist\out-tsc\wwwroot\lib\jquery\src\event\alias.js.map
C:\Users\i25690\MVC-WebApp\NepaliTreat\NepaliTreat\dist\out-tsc\wwwroot\lib\jquery\src\event\focusin.js
C:\Users\i25690\MVC-WebApp\NepaliTreat\NepaliTreat\dist\out-tsc\wwwroot\lib\jquery\src\event\focusin.js.map
C:\Users\i25690\MVC-WebApp\NepaliTreat\NepaliTreat\dist\out-tsc\wwwroot\lib\jquery\src\event\support.js
C:\Users\i25690\MVC-WebApp\NepaliTreat\NepaliTreat\dist\out-tsc\wwwroot\lib\jquery\src\event\support.js.map
C:\Users\i25690\MVC-WebApp\NepaliTreat\NepaliTreat\dist\out-tsc\wwwroot\lib\jquery\src\event\trigger.js
C:\Users\i25690\MVC-WebApp\NepaliTreat\NepaliTreat\dist\out-tsc\wwwroot\lib\jquery\src\event\trigger.js.map
C:\Users\i25690\MVC-WebApp\NepaliTreat\NepaliTreat\dist\out-tsc\wwwroot\lib\jquery\src\exports\amd.js
C:\Users\i25690\MVC-WebApp\NepaliTreat\NepaliTreat\dist\out-tsc\wwwroot\lib\jquery\src\exports\amd.js.map
C:\Users\i25690\MVC-WebApp\NepaliTreat\NepaliTreat\dist\out-tsc\wwwroot\lib\jquery\src\exports\global.js
C:\Users\i25690\MVC-WebApp\NepaliTreat\NepaliTreat\dist\out-tsc\wwwroot\lib\jquery\src\exports\global.js.map
C:\Users\i25690\MVC-WebApp\NepaliTreat\NepaliTreat\dist\out-tsc\wwwroot\lib\jquery\src\manipulation\_evalUrl.js
C:\Users\i25690\MVC-WebApp\NepaliTreat\NepaliTreat\dist\out-tsc\wwwroot\lib\jquery\src\manipulation\_evalUrl.js.map
C:\Users\i25690\MVC-WebApp\NepaliTreat\NepaliTreat\dist\out-tsc\wwwroot\lib\jquery\src\manipulation\buildFragment.js
C:\Users\i25690\MVC-WebApp\NepaliTreat\NepaliTreat\dist\out-tsc\wwwroot\lib\jquery\src\manipulation\buildFragment.js.map
C:\Users\i25690\MVC-WebApp\NepaliTreat\NepaliTreat\dist\out-tsc\wwwroot\lib\jquery\src\manipulation\getAll.js
C:\Users\i25690\MVC-WebApp\NepaliTreat\NepaliTreat\dist\out-tsc\wwwroot\lib\jquery\src\manipulation\getAll.js.map
C:\Users\i25690\MVC-WebApp\NepaliTreat\NepaliTreat\dist\out-tsc\wwwroot\lib\jquery\src\manipulation\setGlobalEval.js
C:\Users\i25690\MVC-WebApp\NepaliTreat\NepaliTreat\dist\out-tsc\wwwroot\lib\jquery\src\manipulation\setGlobalEval.js.map
C:\Users\i25690\MVC-WebApp\NepaliTreat\NepaliTreat\dist\out-tsc\wwwroot\lib\jquery\src\manipulation\support.js
C:\Users\i25690\MVC-WebApp\NepaliTreat\NepaliTreat\dist\out-tsc\wwwroot\lib\jquery\src\manipulation\support.js.map
C:\Users\i25690\MVC-WebApp\NepaliTreat\NepaliTreat\dist\out-tsc\wwwroot\lib\jquery\src\manipulation\wrapMap.js
C:\Users\i25690\MVC-WebApp\NepaliTreat\NepaliTreat\dist\out-tsc\wwwroot\lib\jquery\src\manipulation\wrapMap.js.map
C:\Users\i25690\MVC-WebApp\NepaliTreat\NepaliTreat\dist\out-tsc\wwwroot\lib\jquery\src\manipulation\var\rcheckableType.js
C:\Users\i25690\MVC-WebApp\NepaliTreat\NepaliTreat\dist\out-tsc\wwwroot\lib\jquery\src\manipulation\var\rcheckableType.js.map
C:\Users\i25690\MVC-WebApp\NepaliTreat\NepaliTreat\dist\out-tsc\wwwroot\lib\jquery\src\manipulation\var\rscriptType.js
C:\Users\i25690\MVC-WebApp\NepaliTreat\NepaliTreat\dist\out-tsc\wwwroot\lib\jquery\src\manipulation\var\rscriptType.js.map
C:\Users\i25690\MVC-WebApp\NepaliTreat\NepaliTreat\dist\out-tsc\wwwroot\lib\jquery\src\manipulation\var\rtagName.js
C:\Users\i25690\MVC-WebApp\NepaliTreat\NepaliTreat\dist\out-tsc\wwwroot\lib\jquery\src\manipulation\var\rtagName.js.map
C:\Users\i25690\MVC-WebApp\NepaliTreat\NepaliTreat\dist\out-tsc\wwwroot\lib\jquery\src\queue\delay.js
C:\Users\i25690\MVC-WebApp\NepaliTreat\NepaliTreat\dist\out-tsc\wwwroot\lib\jquery\src\queue\delay.js.map
C:\Users\i25690\MVC-WebApp\NepaliTreat\NepaliTreat\dist\out-tsc\wwwroot\lib\jquery\src\traversing\findFilter.js
C:\Users\i25690\MVC-WebApp\NepaliTreat\NepaliTreat\dist\out-tsc\wwwroot\lib\jquery\src\traversing\findFilter.js.map
C:\Users\i25690\MVC-WebApp\NepaliTreat\NepaliTreat\dist\out-tsc\wwwroot\lib\jquery\src\traversing\var\dir.js
C:\Users\i25690\MVC-WebApp\NepaliTreat\NepaliTreat\dist\out-tsc\wwwroot\lib\jquery\src\traversing\var\dir.js.map
C:\Users\i25690\MVC-WebApp\NepaliTreat\NepaliTreat\dist\out-tsc\wwwroot\lib\jquery\src\traversing\var\rneedsContext.js
C:\Users\i25690\MVC-WebApp\NepaliTreat\NepaliTreat\dist\out-tsc\wwwroot\lib\jquery\src\traversing\var\rneedsContext.js.map
C:\Users\i25690\MVC-WebApp\NepaliTreat\NepaliTreat\dist\out-tsc\wwwroot\lib\jquery\src\traversing\var\siblings.js
C:\Users\i25690\MVC-WebApp\NepaliTreat\NepaliTreat\dist\out-tsc\wwwroot\lib\jquery\src\traversing\var\siblings.js.map
C:\Users\i25690\MVC-WebApp\NepaliTreat\NepaliTreat\dist\out-tsc\wwwroot\lib\jquery\src\var\ObjectFunctionString.js
C:\Users\i25690\MVC-WebApp\NepaliTreat\NepaliTreat\dist\out-tsc\wwwroot\lib\jquery\src\var\ObjectFunctionString.js.map
C:\Users\i25690\MVC-WebApp\NepaliTreat\NepaliTreat\dist\out-tsc\wwwroot\lib\jquery\src\var\arr.js
C:\Users\i25690\MVC-WebApp\NepaliTreat\NepaliTreat\dist\out-tsc\wwwroot\lib\jquery\src\var\arr.js.map
C:\Users\i25690\MVC-WebApp\NepaliTreat\NepaliTreat\dist\out-tsc\wwwroot\lib\jquery\src\var\class2type.js
C:\Users\i25690\MVC-WebApp\NepaliTreat\NepaliTreat\dist\out-tsc\wwwroot\lib\jquery\src\var\class2type.js.map
C:\Users\i25690\MVC-WebApp\NepaliTreat\NepaliTreat\dist\out-tsc\wwwroot\lib\jquery\src\var\concat.js
C:\Users\i25690\MVC-WebApp\NepaliTreat\NepaliTreat\dist\out-tsc\wwwroot\lib\jquery\src\var\concat.js.map
C:\Users\i25690\MVC-WebApp\NepaliTreat\NepaliTreat\dist\out-tsc\wwwroot\lib\jquery\src\var\document.js
C:\Users\i25690\MVC-WebApp\NepaliTreat\NepaliTreat\dist\out-tsc\wwwroot\lib\jquery\src\var\document.js.map
C:\Users\i25690\MVC-WebApp\NepaliTreat\NepaliTreat\dist\out-tsc\wwwroot\lib\jquery\src\var\documentElement.js
C:\Users\i25690\MVC-WebApp\NepaliTreat\NepaliTreat\dist\out-tsc\wwwroot\lib\jquery\src\var\documentElement.js.map
C:\Users\i25690\MVC-WebApp\NepaliTreat\NepaliTreat\dist\out-tsc\wwwroot\lib\jquery\src\var\fnToString.js
C:\Users\i25690\MVC-WebApp\NepaliTreat\NepaliTreat\dist\out-tsc\wwwroot\lib\jquery\src\var\fnToString.js.map
C:\Users\i25690\MVC-WebApp\NepaliTreat\NepaliTreat\dist\out-tsc\wwwroot\lib\jquery\src\var\getProto.js
C:\Users\i25690\MVC-WebApp\NepaliTreat\NepaliTreat\dist\out-tsc\wwwroot\lib\jquery\src\var\getProto.js.map
C:\Users\i25690\MVC-WebApp\NepaliTreat\NepaliTreat\dist\out-tsc\wwwroot\lib\jquery\src\var\hasOwn.js
C:\Users\i25690\MVC-WebApp\NepaliTreat\NepaliTreat\dist\out-tsc\wwwroot\lib\jquery\src\var\hasOwn.js.map
C:\Users\i25690\MVC-WebApp\NepaliTreat\NepaliTreat\dist\out-tsc\wwwroot\lib\jquery\src\var\indexOf.js
C:\Users\i25690\MVC-WebApp\NepaliTreat\NepaliTreat\dist\out-tsc\wwwroot\lib\jquery\src\var\indexOf.js.map
C:\Users\i25690\MVC-WebApp\NepaliTreat\NepaliTreat\dist\out-tsc\wwwroot\lib\jquery\src\var\isFunction.js
C:\Users\i25690\MVC-WebApp\NepaliTreat\NepaliTreat\dist\out-tsc\wwwroot\lib\jquery\src\var\isFunction.js.map
C:\Users\i25690\MVC-WebApp\NepaliTreat\NepaliTreat\dist\out-tsc\wwwroot\lib\jquery\src\var\isWindow.js
C:\Users\i25690\MVC-WebApp\NepaliTreat\NepaliTreat\dist\out-tsc\wwwroot\lib\jquery\src\var\isWindow.js.map
C:\Users\i25690\MVC-WebApp\NepaliTreat\NepaliTreat\dist\out-tsc\wwwroot\lib\jquery\src\var\pnum.js
C:\Users\i25690\MVC-WebApp\NepaliTreat\NepaliTreat\dist\out-tsc\wwwroot\lib\jquery\src\var\pnum.js.map
C:\Users\i25690\MVC-WebApp\NepaliTreat\NepaliTreat\dist\out-tsc\wwwroot\lib\jquery\src\var\push.js
C:\Users\i25690\MVC-WebApp\NepaliTreat\NepaliTreat\dist\out-tsc\wwwroot\lib\jquery\src\var\push.js.map
C:\Users\i25690\MVC-WebApp\NepaliTreat\NepaliTreat\dist\out-tsc\wwwroot\lib\jquery\src\var\rcssNum.js
C:\Users\i25690\MVC-WebApp\NepaliTreat\NepaliTreat\dist\out-tsc\wwwroot\lib\jquery\src\var\rcssNum.js.map
C:\Users\i25690\MVC-WebApp\NepaliTreat\NepaliTreat\dist\out-tsc\wwwroot\lib\jquery\src\var\rnothtmlwhite.js
C:\Users\i25690\MVC-WebApp\NepaliTreat\NepaliTreat\dist\out-tsc\wwwroot\lib\jquery\src\var\rnothtmlwhite.js.map
C:\Users\i25690\MVC-WebApp\NepaliTreat\NepaliTreat\dist\out-tsc\wwwroot\lib\jquery\src\var\slice.js
C:\Users\i25690\MVC-WebApp\NepaliTreat\NepaliTreat\dist\out-tsc\wwwroot\lib\jquery\src\var\slice.js.map
C:\Users\i25690\MVC-WebApp\NepaliTreat\NepaliTreat\dist\out-tsc\wwwroot\lib\jquery\src\var\support.js
C:\Users\i25690\MVC-WebApp\NepaliTreat\NepaliTreat\dist\out-tsc\wwwroot\lib\jquery\src\var\support.js.map
C:\Users\i25690\MVC-WebApp\NepaliTreat\NepaliTreat\dist\out-tsc\wwwroot\lib\jquery\src\var\toString.js
C:\Users\i25690\MVC-WebApp\NepaliTreat\NepaliTreat\dist\out-tsc\wwwroot\lib\jquery\src\var\toString.js.map
C:\Users\i25690\MVC-WebApp\NepaliTreat\NepaliTreat\dist\out-tsc\wwwroot\lib\jquery-validation\Gruntfile.js
C:\Users\i25690\MVC-WebApp\NepaliTreat\NepaliTreat\dist\out-tsc\wwwroot\lib\jquery-validation\Gruntfile.js.map
C:\Users\i25690\MVC-WebApp\NepaliTreat\NepaliTreat\dist\out-tsc\wwwroot\lib\jquery-validation\build\release.js
C:\Users\i25690\MVC-WebApp\NepaliTreat\NepaliTreat\dist\out-tsc\wwwroot\lib\jquery-validation\build\release.js.map
C:\Users\i25690\MVC-WebApp\NepaliTreat\NepaliTreat\dist\out-tsc\wwwroot\lib\jquery-validation\dist\additional-methods.js
C:\Users\i25690\MVC-WebApp\NepaliTreat\NepaliTreat\dist\out-tsc\wwwroot\lib\jquery-validation\dist\additional-methods.js.map
C:\Users\i25690\MVC-WebApp\NepaliTreat\NepaliTreat\dist\out-tsc\wwwroot\lib\jquery-validation\dist\jquery.validate.js
C:\Users\i25690\MVC-WebApp\NepaliTreat\NepaliTreat\dist\out-tsc\wwwroot\lib\jquery-validation\dist\jquery.validate.js.map
C:\Users\i25690\MVC-WebApp\NepaliTreat\NepaliTreat\dist\out-tsc\wwwroot\lib\jquery-validation\src\ajax.js
C:\Users\i25690\MVC-WebApp\NepaliTreat\NepaliTreat\dist\out-tsc\wwwroot\lib\jquery-validation\src\ajax.js.map
C:\Users\i25690\MVC-WebApp\NepaliTreat\NepaliTreat\dist\out-tsc\wwwroot\lib\jquery-validation\src\core.js
C:\Users\i25690\MVC-WebApp\NepaliTreat\NepaliTreat\dist\out-tsc\wwwroot\lib\jquery-validation\src\core.js.map
C:\Users\i25690\MVC-WebApp\NepaliTreat\NepaliTreat\dist\out-tsc\wwwroot\lib\jquery-validation\src\additional\accept.js
C:\Users\i25690\MVC-WebApp\NepaliTreat\NepaliTreat\dist\out-tsc\wwwroot\lib\jquery-validation\src\additional\accept.js.map
C:\Users\i25690\MVC-WebApp\NepaliTreat\NepaliTreat\dist\out-tsc\wwwroot\lib\jquery-validation\src\additional\additional.js
C:\Users\i25690\MVC-WebApp\NepaliTreat\NepaliTreat\dist\out-tsc\wwwroot\lib\jquery-validation\src\additional\additional.js.map
C:\Users\i25690\MVC-WebApp\NepaliTreat\NepaliTreat\dist\out-tsc\wwwroot\lib\jquery-validation\src\additional\alphanumeric.js
C:\Users\i25690\MVC-WebApp\NepaliTreat\NepaliTreat\dist\out-tsc\wwwroot\lib\jquery-validation\src\additional\alphanumeric.js.map
C:\Users\i25690\MVC-WebApp\NepaliTreat\NepaliTreat\dist\out-tsc\wwwroot\lib\jquery-validation\src\additional\bankaccountNL.js
C:\Users\i25690\MVC-WebApp\NepaliTreat\NepaliTreat\dist\out-tsc\wwwroot\lib\jquery-validation\src\additional\bankaccountNL.js.map
C:\Users\i25690\MVC-WebApp\NepaliTreat\NepaliTreat\dist\out-tsc\wwwroot\lib\jquery-validation\src\additional\bankorgiroaccountNL.js
C:\Users\i25690\MVC-WebApp\NepaliTreat\NepaliTreat\dist\out-tsc\wwwroot\lib\jquery-validation\src\additional\bankorgiroaccountNL.js.map
C:\Users\i25690\MVC-WebApp\NepaliTreat\NepaliTreat\dist\out-tsc\wwwroot\lib\jquery-validation\src\additional\bic.js
C:\Users\i25690\MVC-WebApp\NepaliTreat\NepaliTreat\dist\out-tsc\wwwroot\lib\jquery-validation\src\additional\bic.js.map
C:\Users\i25690\MVC-WebApp\NepaliTreat\NepaliTreat\dist\out-tsc\wwwroot\lib\jquery-validation\src\additional\cifES.js
C:\Users\i25690\MVC-WebApp\NepaliTreat\NepaliTreat\dist\out-tsc\wwwroot\lib\jquery-validation\src\additional\cifES.js.map
C:\Users\i25690\MVC-WebApp\NepaliTreat\NepaliTreat\dist\out-tsc\wwwroot\lib\jquery-validation\src\additional\cpfBR.js
C:\Users\i25690\MVC-WebApp\NepaliTreat\NepaliTreat\dist\out-tsc\wwwroot\lib\jquery-validation\src\additional\cpfBR.js.map
C:\Users\i25690\MVC-WebApp\NepaliTreat\NepaliTreat\dist\out-tsc\wwwroot\lib\jquery-validation\src\additional\creditcard.js
C:\Users\i25690\MVC-WebApp\NepaliTreat\NepaliTreat\dist\out-tsc\wwwroot\lib\jquery-validation\src\additional\creditcard.js.map
C:\Users\i25690\MVC-WebApp\NepaliTreat\NepaliTreat\dist\out-tsc\wwwroot\lib\jquery-validation\src\additional\creditcardtypes.js
C:\Users\i25690\MVC-WebApp\NepaliTreat\NepaliTreat\dist\out-tsc\wwwroot\lib\jquery-validation\src\additional\creditcardtypes.js.map
C:\Users\i25690\MVC-WebApp\NepaliTreat\NepaliTreat\dist\out-tsc\wwwroot\lib\jquery-validation\src\additional\currency.js
C:\Users\i25690\MVC-WebApp\NepaliTreat\NepaliTreat\dist\out-tsc\wwwroot\lib\jquery-validation\src\additional\currency.js.map
C:\Users\i25690\MVC-WebApp\NepaliTreat\NepaliTreat\dist\out-tsc\wwwroot\lib\jquery-validation\src\additional\dateFA.js
C:\Users\i25690\MVC-WebApp\NepaliTreat\NepaliTreat\dist\out-tsc\wwwroot\lib\jquery-validation\src\additional\dateFA.js.map
C:\Users\i25690\MVC-WebApp\NepaliTreat\NepaliTreat\dist\out-tsc\wwwroot\lib\jquery-validation\src\additional\dateITA.js
C:\Users\i25690\MVC-WebApp\NepaliTreat\NepaliTreat\dist\out-tsc\wwwroot\lib\jquery-validation\src\additional\dateITA.js.map
C:\Users\i25690\MVC-WebApp\NepaliTreat\NepaliTreat\dist\out-tsc\wwwroot\lib\jquery-validation\src\additional\dateNL.js
C:\Users\i25690\MVC-WebApp\NepaliTreat\NepaliTreat\dist\out-tsc\wwwroot\lib\jquery-validation\src\additional\dateNL.js.map
C:\Users\i25690\MVC-WebApp\NepaliTreat\NepaliTreat\dist\out-tsc\wwwroot\lib\jquery-validation\src\additional\extension.js
C:\Users\i25690\MVC-WebApp\NepaliTreat\NepaliTreat\dist\out-tsc\wwwroot\lib\jquery-validation\src\additional\extension.js.map
C:\Users\i25690\MVC-WebApp\NepaliTreat\NepaliTreat\dist\out-tsc\wwwroot\lib\jquery-validation\src\additional\giroaccountNL.js
C:\Users\i25690\MVC-WebApp\NepaliTreat\NepaliTreat\dist\out-tsc\wwwroot\lib\jquery-validation\src\additional\giroaccountNL.js.map
C:\Users\i25690\MVC-WebApp\NepaliTreat\NepaliTreat\dist\out-tsc\wwwroot\lib\jquery-validation\src\additional\iban.js
C:\Users\i25690\MVC-WebApp\NepaliTreat\NepaliTreat\dist\out-tsc\wwwroot\lib\jquery-validation\src\additional\iban.js.map
C:\Users\i25690\MVC-WebApp\NepaliTreat\NepaliTreat\dist\out-tsc\wwwroot\lib\jquery-validation\src\additional\integer.js
C:\Users\i25690\MVC-WebApp\NepaliTreat\NepaliTreat\dist\out-tsc\wwwroot\lib\jquery-validation\src\additional\integer.js.map
C:\Users\i25690\MVC-WebApp\NepaliTreat\NepaliTreat\dist\out-tsc\wwwroot\lib\jquery-validation\src\additional\ipv4.js
C:\Users\i25690\MVC-WebApp\NepaliTreat\NepaliTreat\dist\out-tsc\wwwroot\lib\jquery-validation\src\additional\ipv4.js.map
C:\Users\i25690\MVC-WebApp\NepaliTreat\NepaliTreat\dist\out-tsc\wwwroot\lib\jquery-validation\src\additional\ipv6.js
C:\Users\i25690\MVC-WebApp\NepaliTreat\NepaliTreat\dist\out-tsc\wwwroot\lib\jquery-validation\src\additional\ipv6.js.map
C:\Users\i25690\MVC-WebApp\NepaliTreat\NepaliTreat\dist\out-tsc\wwwroot\lib\jquery-validation\src\additional\lettersonly.js
C:\Users\i25690\MVC-WebApp\NepaliTreat\NepaliTreat\dist\out-tsc\wwwroot\lib\jquery-validation\src\additional\lettersonly.js.map
C:\Users\i25690\MVC-WebApp\NepaliTreat\NepaliTreat\dist\out-tsc\wwwroot\lib\jquery-validation\src\additional\letterswithbasicpunc.js
C:\Users\i25690\MVC-WebApp\NepaliTreat\NepaliTreat\dist\out-tsc\wwwroot\lib\jquery-validation\src\additional\letterswithbasicpunc.js.map
C:\Users\i25690\MVC-WebApp\NepaliTreat\NepaliTreat\dist\out-tsc\wwwroot\lib\jquery-validation\src\additional\mobileNL.js
C:\Users\i25690\MVC-WebApp\NepaliTreat\NepaliTreat\dist\out-tsc\wwwroot\lib\jquery-validation\src\additional\mobileNL.js.map
C:\Users\i25690\MVC-WebApp\NepaliTreat\NepaliTreat\dist\out-tsc\wwwroot\lib\jquery-validation\src\additional\mobileUK.js
C:\Users\i25690\MVC-WebApp\NepaliTreat\NepaliTreat\dist\out-tsc\wwwroot\lib\jquery-validation\src\additional\mobileUK.js.map
C:\Users\i25690\MVC-WebApp\NepaliTreat\NepaliTreat\dist\out-tsc\wwwroot\lib\jquery-validation\src\additional\netmask.js
C:\Users\i25690\MVC-WebApp\NepaliTreat\NepaliTreat\dist\out-tsc\wwwroot\lib\jquery-validation\src\additional\netmask.js.map
C:\Users\i25690\MVC-WebApp\NepaliTreat\NepaliTreat\dist\out-tsc\wwwroot\lib\jquery-validation\src\additional\nieES.js
C:\Users\i25690\MVC-WebApp\NepaliTreat\NepaliTreat\dist\out-tsc\wwwroot\lib\jquery-validation\src\additional\nieES.js.map
C:\Users\i25690\MVC-WebApp\NepaliTreat\NepaliTreat\dist\out-tsc\wwwroot\lib\jquery-validation\src\additional\nifES.js
C:\Users\i25690\MVC-WebApp\NepaliTreat\NepaliTreat\dist\out-tsc\wwwroot\lib\jquery-validation\src\additional\nifES.js.map
C:\Users\i25690\MVC-WebApp\NepaliTreat\NepaliTreat\dist\out-tsc\wwwroot\lib\jquery-validation\src\additional\nipPL.js
C:\Users\i25690\MVC-WebApp\NepaliTreat\NepaliTreat\dist\out-tsc\wwwroot\lib\jquery-validation\src\additional\nipPL.js.map
C:\Users\i25690\MVC-WebApp\NepaliTreat\NepaliTreat\dist\out-tsc\wwwroot\lib\jquery-validation\src\additional\notEqualTo.js
C:\Users\i25690\MVC-WebApp\NepaliTreat\NepaliTreat\dist\out-tsc\wwwroot\lib\jquery-validation\src\additional\notEqualTo.js.map
C:\Users\i25690\MVC-WebApp\NepaliTreat\NepaliTreat\dist\out-tsc\wwwroot\lib\jquery-validation\src\additional\nowhitespace.js
C:\Users\i25690\MVC-WebApp\NepaliTreat\NepaliTreat\dist\out-tsc\wwwroot\lib\jquery-validation\src\additional\nowhitespace.js.map
C:\Users\i25690\MVC-WebApp\NepaliTreat\NepaliTreat\dist\out-tsc\wwwroot\lib\jquery-validation\src\additional\pattern.js
C:\Users\i25690\MVC-WebApp\NepaliTreat\NepaliTreat\dist\out-tsc\wwwroot\lib\jquery-validation\src\additional\pattern.js.map
C:\Users\i25690\MVC-WebApp\NepaliTreat\NepaliTreat\dist\out-tsc\wwwroot\lib\jquery-validation\src\additional\phoneNL.js
C:\Users\i25690\MVC-WebApp\NepaliTreat\NepaliTreat\dist\out-tsc\wwwroot\lib\jquery-validation\src\additional\phoneNL.js.map
C:\Users\i25690\MVC-WebApp\NepaliTreat\NepaliTreat\dist\out-tsc\wwwroot\lib\jquery-validation\src\additional\phoneUK.js
C:\Users\i25690\MVC-WebApp\NepaliTreat\NepaliTreat\dist\out-tsc\wwwroot\lib\jquery-validation\src\additional\phoneUK.js.map
C:\Users\i25690\MVC-WebApp\NepaliTreat\NepaliTreat\dist\out-tsc\wwwroot\lib\jquery-validation\src\additional\phoneUS.js
C:\Users\i25690\MVC-WebApp\NepaliTreat\NepaliTreat\dist\out-tsc\wwwroot\lib\jquery-validation\src\additional\phoneUS.js.map
C:\Users\i25690\MVC-WebApp\NepaliTreat\NepaliTreat\dist\out-tsc\wwwroot\lib\jquery-validation\src\additional\phonesUK.js
C:\Users\i25690\MVC-WebApp\NepaliTreat\NepaliTreat\dist\out-tsc\wwwroot\lib\jquery-validation\src\additional\phonesUK.js.map
C:\Users\i25690\MVC-WebApp\NepaliTreat\NepaliTreat\dist\out-tsc\wwwroot\lib\jquery-validation\src\additional\postalCodeCA.js
C:\Users\i25690\MVC-WebApp\NepaliTreat\NepaliTreat\dist\out-tsc\wwwroot\lib\jquery-validation\src\additional\postalCodeCA.js.map
C:\Users\i25690\MVC-WebApp\NepaliTreat\NepaliTreat\dist\out-tsc\wwwroot\lib\jquery-validation\src\additional\postalcodeBR.js
C:\Users\i25690\MVC-WebApp\NepaliTreat\NepaliTreat\dist\out-tsc\wwwroot\lib\jquery-validation\src\additional\postalcodeBR.js.map
C:\Users\i25690\MVC-WebApp\NepaliTreat\NepaliTreat\dist\out-tsc\wwwroot\lib\jquery-validation\src\additional\postalcodeIT.js
C:\Users\i25690\MVC-WebApp\NepaliTreat\NepaliTreat\dist\out-tsc\wwwroot\lib\jquery-validation\src\additional\postalcodeIT.js.map
C:\Users\i25690\MVC-WebApp\NepaliTreat\NepaliTreat\dist\out-tsc\wwwroot\lib\jquery-validation\src\additional\postalcodeNL.js
C:\Users\i25690\MVC-WebApp\NepaliTreat\NepaliTreat\dist\out-tsc\wwwroot\lib\jquery-validation\src\additional\postalcodeNL.js.map
C:\Users\i25690\MVC-WebApp\NepaliTreat\NepaliTreat\dist\out-tsc\wwwroot\lib\jquery-validation\src\additional\postcodeUK.js
C:\Users\i25690\MVC-WebApp\NepaliTreat\NepaliTreat\dist\out-tsc\wwwroot\lib\jquery-validation\src\additional\postcodeUK.js.map
C:\Users\i25690\MVC-WebApp\NepaliTreat\NepaliTreat\dist\out-tsc\wwwroot\lib\jquery-validation\src\additional\require_from_group.js
C:\Users\i25690\MVC-WebApp\NepaliTreat\NepaliTreat\dist\out-tsc\wwwroot\lib\jquery-validation\src\additional\require_from_group.js.map
C:\Users\i25690\MVC-WebApp\NepaliTreat\NepaliTreat\dist\out-tsc\wwwroot\lib\jquery-validation\src\additional\skip_or_fill_minimum.js
C:\Users\i25690\MVC-WebApp\NepaliTreat\NepaliTreat\dist\out-tsc\wwwroot\lib\jquery-validation\src\additional\skip_or_fill_minimum.js.map
C:\Users\i25690\MVC-WebApp\NepaliTreat\NepaliTreat\dist\out-tsc\wwwroot\lib\jquery-validation\src\additional\statesUS.js
C:\Users\i25690\MVC-WebApp\NepaliTreat\NepaliTreat\dist\out-tsc\wwwroot\lib\jquery-validation\src\additional\statesUS.js.map
C:\Users\i25690\MVC-WebApp\NepaliTreat\NepaliTreat\dist\out-tsc\wwwroot\lib\jquery-validation\src\additional\strippedminlength.js
C:\Users\i25690\MVC-WebApp\NepaliTreat\NepaliTreat\dist\out-tsc\wwwroot\lib\jquery-validation\src\additional\strippedminlength.js.map
C:\Users\i25690\MVC-WebApp\NepaliTreat\NepaliTreat\dist\out-tsc\wwwroot\lib\jquery-validation\src\additional\time.js
C:\Users\i25690\MVC-WebApp\NepaliTreat\NepaliTreat\dist\out-tsc\wwwroot\lib\jquery-validation\src\additional\time.js.map
C:\Users\i25690\MVC-WebApp\NepaliTreat\NepaliTreat\dist\out-tsc\wwwroot\lib\jquery-validation\src\additional\time12h.js
C:\Users\i25690\MVC-WebApp\NepaliTreat\NepaliTreat\dist\out-tsc\wwwroot\lib\jquery-validation\src\additional\time12h.js.map
C:\Users\i25690\MVC-WebApp\NepaliTreat\NepaliTreat\dist\out-tsc\wwwroot\lib\jquery-validation\src\additional\url2.js
C:\Users\i25690\MVC-WebApp\NepaliTreat\NepaliTreat\dist\out-tsc\wwwroot\lib\jquery-validation\src\additional\url2.js.map
C:\Users\i25690\MVC-WebApp\NepaliTreat\NepaliTreat\dist\out-tsc\wwwroot\lib\jquery-validation\src\additional\vinUS.js
C:\Users\i25690\MVC-WebApp\NepaliTreat\NepaliTreat\dist\out-tsc\wwwroot\lib\jquery-validation\src\additional\vinUS.js.map
C:\Users\i25690\MVC-WebApp\NepaliTreat\NepaliTreat\dist\out-tsc\wwwroot\lib\jquery-validation\src\additional\zipcodeUS.js
C:\Users\i25690\MVC-WebApp\NepaliTreat\NepaliTreat\dist\out-tsc\wwwroot\lib\jquery-validation\src\additional\zipcodeUS.js.map
C:\Users\i25690\MVC-WebApp\NepaliTreat\NepaliTreat\dist\out-tsc\wwwroot\lib\jquery-validation\src\additional\ziprange.js
C:\Users\i25690\MVC-WebApp\NepaliTreat\NepaliTreat\dist\out-tsc\wwwroot\lib\jquery-validation\src\additional\ziprange.js.map
C:\Users\i25690\MVC-WebApp\NepaliTreat\NepaliTreat\dist\out-tsc\wwwroot\lib\jquery-validation\src\localization\messages_ar.js
C:\Users\i25690\MVC-WebApp\NepaliTreat\NepaliTreat\dist\out-tsc\wwwroot\lib\jquery-validation\src\localization\messages_ar.js.map
C:\Users\i25690\MVC-WebApp\NepaliTreat\NepaliTreat\dist\out-tsc\wwwroot\lib\jquery-validation\src\localization\messages_az.js
C:\Users\i25690\MVC-WebApp\NepaliTreat\NepaliTreat\dist\out-tsc\wwwroot\lib\jquery-validation\src\localization\messages_az.js.map
C:\Users\i25690\MVC-WebApp\NepaliTreat\NepaliTreat\dist\out-tsc\wwwroot\lib\jquery-validation\src\localization\messages_bg.js
C:\Users\i25690\MVC-WebApp\NepaliTreat\NepaliTreat\dist\out-tsc\wwwroot\lib\jquery-validation\src\localization\messages_bg.js.map
C:\Users\i25690\MVC-WebApp\NepaliTreat\NepaliTreat\dist\out-tsc\wwwroot\lib\jquery-validation\src\localization\messages_bn_BD.js
C:\Users\i25690\MVC-WebApp\NepaliTreat\NepaliTreat\dist\out-tsc\wwwroot\lib\jquery-validation\src\localization\messages_bn_BD.js.map
C:\Users\i25690\MVC-WebApp\NepaliTreat\NepaliTreat\dist\out-tsc\wwwroot\lib\jquery-validation\src\localization\messages_ca.js
C:\Users\i25690\MVC-WebApp\NepaliTreat\NepaliTreat\dist\out-tsc\wwwroot\lib\jquery-validation\src\localization\messages_ca.js.map
C:\Users\i25690\MVC-WebApp\NepaliTreat\NepaliTreat\dist\out-tsc\wwwroot\lib\jquery-validation\src\localization\messages_cs.js
C:\Users\i25690\MVC-WebApp\NepaliTreat\NepaliTreat\dist\out-tsc\wwwroot\lib\jquery-validation\src\localization\messages_cs.js.map
C:\Users\i25690\MVC-WebApp\NepaliTreat\NepaliTreat\dist\out-tsc\wwwroot\lib\jquery-validation\src\localization\messages_da.js
C:\Users\i25690\MVC-WebApp\NepaliTreat\NepaliTreat\dist\out-tsc\wwwroot\lib\jquery-validation\src\localization\messages_da.js.map
C:\Users\i25690\MVC-WebApp\NepaliTreat\NepaliTreat\dist\out-tsc\wwwroot\lib\jquery-validation\src\localization\messages_de.js
C:\Users\i25690\MVC-WebApp\NepaliTreat\NepaliTreat\dist\out-tsc\wwwroot\lib\jquery-validation\src\localization\messages_de.js.map
C:\Users\i25690\MVC-WebApp\NepaliTreat\NepaliTreat\dist\out-tsc\wwwroot\lib\jquery-validation\src\localization\messages_el.js
C:\Users\i25690\MVC-WebApp\NepaliTreat\NepaliTreat\dist\out-tsc\wwwroot\lib\jquery-validation\src\localization\messages_el.js.map
C:\Users\i25690\MVC-WebApp\NepaliTreat\NepaliTreat\dist\out-tsc\wwwroot\lib\jquery-validation\src\localization\messages_es.js
C:\Users\i25690\MVC-WebApp\NepaliTreat\NepaliTreat\dist\out-tsc\wwwroot\lib\jquery-validation\src\localization\messages_es.js.map
C:\Users\i25690\MVC-WebApp\NepaliTreat\NepaliTreat\dist\out-tsc\wwwroot\lib\jquery-validation\src\localization\messages_es_AR.js
C:\Users\i25690\MVC-WebApp\NepaliTreat\NepaliTreat\dist\out-tsc\wwwroot\lib\jquery-validation\src\localization\messages_es_AR.js.map
C:\Users\i25690\MVC-WebApp\NepaliTreat\NepaliTreat\dist\out-tsc\wwwroot\lib\jquery-validation\src\localization\messages_es_PE.js
C:\Users\i25690\MVC-WebApp\NepaliTreat\NepaliTreat\dist\out-tsc\wwwroot\lib\jquery-validation\src\localization\messages_es_PE.js.map
C:\Users\i25690\MVC-WebApp\NepaliTreat\NepaliTreat\dist\out-tsc\wwwroot\lib\jquery-validation\src\localization\messages_et.js
C:\Users\i25690\MVC-WebApp\NepaliTreat\NepaliTreat\dist\out-tsc\wwwroot\lib\jquery-validation\src\localization\messages_et.js.map
C:\Users\i25690\MVC-WebApp\NepaliTreat\NepaliTreat\dist\out-tsc\wwwroot\lib\jquery-validation\src\localization\messages_eu.js
C:\Users\i25690\MVC-WebApp\NepaliTreat\NepaliTreat\dist\out-tsc\wwwroot\lib\jquery-validation\src\localization\messages_eu.js.map
C:\Users\i25690\MVC-WebApp\NepaliTreat\NepaliTreat\dist\out-tsc\wwwroot\lib\jquery-validation\src\localization\messages_fa.js
C:\Users\i25690\MVC-WebApp\NepaliTreat\NepaliTreat\dist\out-tsc\wwwroot\lib\jquery-validation\src\localization\messages_fa.js.map
C:\Users\i25690\MVC-WebApp\NepaliTreat\NepaliTreat\dist\out-tsc\wwwroot\lib\jquery-validation\src\localization\messages_fi.js
C:\Users\i25690\MVC-WebApp\NepaliTreat\NepaliTreat\dist\out-tsc\wwwroot\lib\jquery-validation\src\localization\messages_fi.js.map
C:\Users\i25690\MVC-WebApp\NepaliTreat\NepaliTreat\dist\out-tsc\wwwroot\lib\jquery-validation\src\localization\messages_fr.js
C:\Users\i25690\MVC-WebApp\NepaliTreat\NepaliTreat\dist\out-tsc\wwwroot\lib\jquery-validation\src\localization\messages_fr.js.map
C:\Users\i25690\MVC-WebApp\NepaliTreat\NepaliTreat\dist\out-tsc\wwwroot\lib\jquery-validation\src\localization\messages_ge.js
C:\Users\i25690\MVC-WebApp\NepaliTreat\NepaliTreat\dist\out-tsc\wwwroot\lib\jquery-validation\src\localization\messages_ge.js.map
C:\Users\i25690\MVC-WebApp\NepaliTreat\NepaliTreat\dist\out-tsc\wwwroot\lib\jquery-validation\src\localization\messages_gl.js
C:\Users\i25690\MVC-WebApp\NepaliTreat\NepaliTreat\dist\out-tsc\wwwroot\lib\jquery-validation\src\localization\messages_gl.js.map
C:\Users\i25690\MVC-WebApp\NepaliTreat\NepaliTreat\dist\out-tsc\wwwroot\lib\jquery-validation\src\localization\messages_he.js
C:\Users\i25690\MVC-WebApp\NepaliTreat\NepaliTreat\dist\out-tsc\wwwroot\lib\jquery-validation\src\localization\messages_he.js.map
C:\Users\i25690\MVC-WebApp\NepaliTreat\NepaliTreat\dist\out-tsc\wwwroot\lib\jquery-validation\src\localization\messages_hr.js
C:\Users\i25690\MVC-WebApp\NepaliTreat\NepaliTreat\dist\out-tsc\wwwroot\lib\jquery-validation\src\localization\messages_hr.js.map
C:\Users\i25690\MVC-WebApp\NepaliTreat\NepaliTreat\dist\out-tsc\wwwroot\lib\jquery-validation\src\localization\messages_hu.js
C:\Users\i25690\MVC-WebApp\NepaliTreat\NepaliTreat\dist\out-tsc\wwwroot\lib\jquery-validation\src\localization\messages_hu.js.map
C:\Users\i25690\MVC-WebApp\NepaliTreat\NepaliTreat\dist\out-tsc\wwwroot\lib\jquery-validation\src\localization\messages_hy_AM.js
C:\Users\i25690\MVC-WebApp\NepaliTreat\NepaliTreat\dist\out-tsc\wwwroot\lib\jquery-validation\src\localization\messages_hy_AM.js.map
C:\Users\i25690\MVC-WebApp\NepaliTreat\NepaliTreat\dist\out-tsc\wwwroot\lib\jquery-validation\src\localization\messages_id.js
C:\Users\i25690\MVC-WebApp\NepaliTreat\NepaliTreat\dist\out-tsc\wwwroot\lib\jquery-validation\src\localization\messages_id.js.map
C:\Users\i25690\MVC-WebApp\NepaliTreat\NepaliTreat\dist\out-tsc\wwwroot\lib\jquery-validation\src\localization\messages_is.js
C:\Users\i25690\MVC-WebApp\NepaliTreat\NepaliTreat\dist\out-tsc\wwwroot\lib\jquery-validation\src\localization\messages_is.js.map
C:\Users\i25690\MVC-WebApp\NepaliTreat\NepaliTreat\dist\out-tsc\wwwroot\lib\jquery-validation\src\localization\messages_it.js
C:\Users\i25690\MVC-WebApp\NepaliTreat\NepaliTreat\dist\out-tsc\wwwroot\lib\jquery-validation\src\localization\messages_it.js.map
C:\Users\i25690\MVC-WebApp\NepaliTreat\NepaliTreat\dist\out-tsc\wwwroot\lib\jquery-validation\src\localization\messages_ja.js
C:\Users\i25690\MVC-WebApp\NepaliTreat\NepaliTreat\dist\out-tsc\wwwroot\lib\jquery-validation\src\localization\messages_ja.js.map
C:\Users\i25690\MVC-WebApp\NepaliTreat\NepaliTreat\dist\out-tsc\wwwroot\lib\jquery-validation\src\localization\messages_ka.js
C:\Users\i25690\MVC-WebApp\NepaliTreat\NepaliTreat\dist\out-tsc\wwwroot\lib\jquery-validation\src\localization\messages_ka.js.map
C:\Users\i25690\MVC-WebApp\NepaliTreat\NepaliTreat\dist\out-tsc\wwwroot\lib\jquery-validation\src\localization\messages_kk.js
C:\Users\i25690\MVC-WebApp\NepaliTreat\NepaliTreat\dist\out-tsc\wwwroot\lib\jquery-validation\src\localization\messages_kk.js.map
C:\Users\i25690\MVC-WebApp\NepaliTreat\NepaliTreat\dist\out-tsc\wwwroot\lib\jquery-validation\src\localization\messages_ko.js
C:\Users\i25690\MVC-WebApp\NepaliTreat\NepaliTreat\dist\out-tsc\wwwroot\lib\jquery-validation\src\localization\messages_ko.js.map
C:\Users\i25690\MVC-WebApp\NepaliTreat\NepaliTreat\dist\out-tsc\wwwroot\lib\jquery-validation\src\localization\messages_lt.js
C:\Users\i25690\MVC-WebApp\NepaliTreat\NepaliTreat\dist\out-tsc\wwwroot\lib\jquery-validation\src\localization\messages_lt.js.map
C:\Users\i25690\MVC-WebApp\NepaliTreat\NepaliTreat\dist\out-tsc\wwwroot\lib\jquery-validation\src\localization\messages_lv.js
C:\Users\i25690\MVC-WebApp\NepaliTreat\NepaliTreat\dist\out-tsc\wwwroot\lib\jquery-validation\src\localization\messages_lv.js.map
C:\Users\i25690\MVC-WebApp\NepaliTreat\NepaliTreat\dist\out-tsc\wwwroot\lib\jquery-validation\src\localization\messages_mk.js
C:\Users\i25690\MVC-WebApp\NepaliTreat\NepaliTreat\dist\out-tsc\wwwroot\lib\jquery-validation\src\localization\messages_mk.js.map
C:\Users\i25690\MVC-WebApp\NepaliTreat\NepaliTreat\dist\out-tsc\wwwroot\lib\jquery-validation\src\localization\messages_my.js
C:\Users\i25690\MVC-WebApp\NepaliTreat\NepaliTreat\dist\out-tsc\wwwroot\lib\jquery-validation\src\localization\messages_my.js.map
C:\Users\i25690\MVC-WebApp\NepaliTreat\NepaliTreat\dist\out-tsc\wwwroot\lib\jquery-validation\src\localization\messages_nl.js
C:\Users\i25690\MVC-WebApp\NepaliTreat\NepaliTreat\dist\out-tsc\wwwroot\lib\jquery-validation\src\localization\messages_nl.js.map
C:\Users\i25690\MVC-WebApp\NepaliTreat\NepaliTreat\dist\out-tsc\wwwroot\lib\jquery-validation\src\localization\messages_no.js
C:\Users\i25690\MVC-WebApp\NepaliTreat\NepaliTreat\dist\out-tsc\wwwroot\lib\jquery-validation\src\localization\messages_no.js.map
C:\Users\i25690\MVC-WebApp\NepaliTreat\NepaliTreat\dist\out-tsc\wwwroot\lib\jquery-validation\src\localization\messages_pl.js
C:\Users\i25690\MVC-WebApp\NepaliTreat\NepaliTreat\dist\out-tsc\wwwroot\lib\jquery-validation\src\localization\messages_pl.js.map
C:\Users\i25690\MVC-WebApp\NepaliTreat\NepaliTreat\dist\out-tsc\wwwroot\lib\jquery-validation\src\localization\messages_pt_BR.js
C:\Users\i25690\MVC-WebApp\NepaliTreat\NepaliTreat\dist\out-tsc\wwwroot\lib\jquery-validation\src\localization\messages_pt_BR.js.map
C:\Users\i25690\MVC-WebApp\NepaliTreat\NepaliTreat\dist\out-tsc\wwwroot\lib\jquery-validation\src\localization\messages_pt_PT.js
C:\Users\i25690\MVC-WebApp\NepaliTreat\NepaliTreat\dist\out-tsc\wwwroot\lib\jquery-validation\src\localization\messages_pt_PT.js.map
C:\Users\i25690\MVC-WebApp\NepaliTreat\NepaliTreat\dist\out-tsc\wwwroot\lib\jquery-validation\src\localization\messages_ro.js
C:\Users\i25690\MVC-WebApp\NepaliTreat\NepaliTreat\dist\out-tsc\wwwroot\lib\jquery-validation\src\localization\messages_ro.js.map
C:\Users\i25690\MVC-WebApp\NepaliTreat\NepaliTreat\dist\out-tsc\wwwroot\lib\jquery-validation\src\localization\messages_ru.js
C:\Users\i25690\MVC-WebApp\NepaliTreat\NepaliTreat\dist\out-tsc\wwwroot\lib\jquery-validation\src\localization\messages_ru.js.map
C:\Users\i25690\MVC-WebApp\NepaliTreat\NepaliTreat\dist\out-tsc\wwwroot\lib\jquery-validation\src\localization\messages_sd.js
C:\Users\i25690\MVC-WebApp\NepaliTreat\NepaliTreat\dist\out-tsc\wwwroot\lib\jquery-validation\src\localization\messages_sd.js.map
C:\Users\i25690\MVC-WebApp\NepaliTreat\NepaliTreat\dist\out-tsc\wwwroot\lib\jquery-validation\src\localization\messages_si.js
C:\Users\i25690\MVC-WebApp\NepaliTreat\NepaliTreat\dist\out-tsc\wwwroot\lib\jquery-validation\src\localization\messages_si.js.map
C:\Users\i25690\MVC-WebApp\NepaliTreat\NepaliTreat\dist\out-tsc\wwwroot\lib\jquery-validation\src\localization\messages_sk.js
C:\Users\i25690\MVC-WebApp\NepaliTreat\NepaliTreat\dist\out-tsc\wwwroot\lib\jquery-validation\src\localization\messages_sk.js.map
C:\Users\i25690\MVC-WebApp\NepaliTreat\NepaliTreat\dist\out-tsc\wwwroot\lib\jquery-validation\src\localization\messages_sl.js
C:\Users\i25690\MVC-WebApp\NepaliTreat\NepaliTreat\dist\out-tsc\wwwroot\lib\jquery-validation\src\localization\messages_sl.js.map
C:\Users\i25690\MVC-WebApp\NepaliTreat\NepaliTreat\dist\out-tsc\wwwroot\lib\jquery-validation\src\localization\messages_sr.js
C:\Users\i25690\MVC-WebApp\NepaliTreat\NepaliTreat\dist\out-tsc\wwwroot\lib\jquery-validation\src\localization\messages_sr.js.map
C:\Users\i25690\MVC-WebApp\NepaliTreat\NepaliTreat\dist\out-tsc\wwwroot\lib\jquery-validation\src\localization\messages_sr_lat.js
C:\Users\i25690\MVC-WebApp\NepaliTreat\NepaliTreat\dist\out-tsc\wwwroot\lib\jquery-validation\src\localization\messages_sr_lat.js.map
C:\Users\i25690\MVC-WebApp\NepaliTreat\NepaliTreat\dist\out-tsc\wwwroot\lib\jquery-validation\src\localization\messages_sv.js
C:\Users\i25690\MVC-WebApp\NepaliTreat\NepaliTreat\dist\out-tsc\wwwroot\lib\jquery-validation\src\localization\messages_sv.js.map
C:\Users\i25690\MVC-WebApp\NepaliTreat\NepaliTreat\dist\out-tsc\wwwroot\lib\jquery-validation\src\localization\messages_th.js
C:\Users\i25690\MVC-WebApp\NepaliTreat\NepaliTreat\dist\out-tsc\wwwroot\lib\jquery-validation\src\localization\messages_th.js.map
C:\Users\i25690\MVC-WebApp\NepaliTreat\NepaliTreat\dist\out-tsc\wwwroot\lib\jquery-validation\src\localization\messages_tj.js
C:\Users\i25690\MVC-WebApp\NepaliTreat\NepaliTreat\dist\out-tsc\wwwroot\lib\jquery-validation\src\localization\messages_tj.js.map
C:\Users\i25690\MVC-WebApp\NepaliTreat\NepaliTreat\dist\out-tsc\wwwroot\lib\jquery-validation\src\localization\messages_tr.js
C:\Users\i25690\MVC-WebApp\NepaliTreat\NepaliTreat\dist\out-tsc\wwwroot\lib\jquery-validation\src\localization\messages_tr.js.map
C:\Users\i25690\MVC-WebApp\NepaliTreat\NepaliTreat\dist\out-tsc\wwwroot\lib\jquery-validation\src\localization\messages_uk.js
C:\Users\i25690\MVC-WebApp\NepaliTreat\NepaliTreat\dist\out-tsc\wwwroot\lib\jquery-validation\src\localization\messages_uk.js.map
C:\Users\i25690\MVC-WebApp\NepaliTreat\NepaliTreat\dist\out-tsc\wwwroot\lib\jquery-validation\src\localization\messages_ur.js
C:\Users\i25690\MVC-WebApp\NepaliTreat\NepaliTreat\dist\out-tsc\wwwroot\lib\jquery-validation\src\localization\messages_ur.js.map
C:\Users\i25690\MVC-WebApp\NepaliTreat\NepaliTreat\dist\out-tsc\wwwroot\lib\jquery-validation\src\localization\messages_vi.js
C:\Users\i25690\MVC-WebApp\NepaliTreat\NepaliTreat\dist\out-tsc\wwwroot\lib\jquery-validation\src\localization\messages_vi.js.map
C:\Users\i25690\MVC-WebApp\NepaliTreat\NepaliTreat\dist\out-tsc\wwwroot\lib\jquery-validation\src\localization\messages_zh.js
C:\Users\i25690\MVC-WebApp\NepaliTreat\NepaliTreat\dist\out-tsc\wwwroot\lib\jquery-validation\src\localization\messages_zh.js.map
C:\Users\i25690\MVC-WebApp\NepaliTreat\NepaliTreat\dist\out-tsc\wwwroot\lib\jquery-validation\src\localization\messages_zh_TW.js
C:\Users\i25690\MVC-WebApp\NepaliTreat\NepaliTreat\dist\out-tsc\wwwroot\lib\jquery-validation\src\localization\messages_zh_TW.js.map
C:\Users\i25690\MVC-WebApp\NepaliTreat\NepaliTreat\dist\out-tsc\wwwroot\lib\jquery-validation\src\localization\methods_de.js
C:\Users\i25690\MVC-WebApp\NepaliTreat\NepaliTreat\dist\out-tsc\wwwroot\lib\jquery-validation\src\localization\methods_de.js.map
C:\Users\i25690\MVC-WebApp\NepaliTreat\NepaliTreat\dist\out-tsc\wwwroot\lib\jquery-validation\src\localization\methods_es_CL.js
C:\Users\i25690\MVC-WebApp\NepaliTreat\NepaliTreat\dist\out-tsc\wwwroot\lib\jquery-validation\src\localization\methods_es_CL.js.map
C:\Users\i25690\MVC-WebApp\NepaliTreat\NepaliTreat\dist\out-tsc\wwwroot\lib\jquery-validation\src\localization\methods_fi.js
C:\Users\i25690\MVC-WebApp\NepaliTreat\NepaliTreat\dist\out-tsc\wwwroot\lib\jquery-validation\src\localization\methods_fi.js.map
C:\Users\i25690\MVC-WebApp\NepaliTreat\NepaliTreat\dist\out-tsc\wwwroot\lib\jquery-validation\src\localization\methods_nl.js
C:\Users\i25690\MVC-WebApp\NepaliTreat\NepaliTreat\dist\out-tsc\wwwroot\lib\jquery-validation\src\localization\methods_nl.js.map
C:\Users\i25690\MVC-WebApp\NepaliTreat\NepaliTreat\dist\out-tsc\wwwroot\lib\jquery-validation\src\localization\methods_pt.js
C:\Users\i25690\MVC-WebApp\NepaliTreat\NepaliTreat\dist\out-tsc\wwwroot\lib\jquery-validation\src\localization\methods_pt.js.map
C:\Users\i25690\MVC-WebApp\NepaliTreat\NepaliTreat\dist\out-tsc\wwwroot\lib\jquery-validation-unobtrusive\jquery.validate.unobtrusive.js
C:\Users\i25690\MVC-WebApp\NepaliTreat\NepaliTreat\dist\out-tsc\wwwroot\lib\jquery-validation-unobtrusive\jquery.validate.unobtrusive.js.map
C:\Users\i25690\MVC-WebApp\NepaliTreat\NepaliTreat\dist\out-tsc\wwwroot\ts\main.js
C:\Users\i25690\MVC-WebApp\NepaliTreat\NepaliTreat\dist\out-tsc\wwwroot\ts\main.js.map
C:\Users\i25690\MVC-WebApp\NepaliTreat\NepaliTreat\dist\out-tsc\wwwroot\ts\storecustomer.js
C:\Users\i25690\MVC-WebApp\NepaliTreat\NepaliTreat\dist\out-tsc\wwwroot\ts\storecustomer.js.map
